
> loan-app@0.1.0 build
> next build

Γû▓ Next.js 16.1.6 (Turbopack)
- Environments: .env.local
- Experiments (use with caution):
  ┬╖ optimizePackageImports

  Creating an optimized production build ...
Γ£ô Compiled successfully in 6.9s
  Running TypeScript ...
node.exe : Failed to 
compile.
At C:\Program 
Files\nodejs\npm.ps1:29 
char:3
+   & $NODE_EXE 
$NPM_CLI_JS $args
+   ~~~~~~~~~~~~~~~~~~~~~
~~~~~~~~
    + CategoryInfo       
       : NotSpecified:   
  (Failed to compile.:   
 String) [], RemoteEx    
ception
    + FullyQualifiedErro 
   rId : NativeCommandE  
  rror
 

./src/components/ui/butto
n.tsx:5:20
Type error: File 'E:/Cred
iTrust/loan-app/src/lib/u
tils.ts' is not a module.

[0m [90m 3 |[39m 
[36mimport[39m { 
[33mSlot[39m } 
[36mfrom[39m 
[32m"radix-ui"[39m
 [90m 4 |[39m
[31m[1m>[22m[39m[90m
 5 |[39m 
[36mimport[39m { cn } 
[36mfrom[39m 
[32m"@/lib/utils"[39m
 [90m   |[39m          
          
[31m[1m^[22m[39m
 [90m 6 |[39m
 [90m 7 |[39m 
[36mconst[39m 
buttonVariants 
[33m=[39m cva(
 [90m 8 |[39m   
[32m"group/button 
inline-flex shrink-0 
items-center 
justify-center 
rounded-lg border 
border-transparent 
bg-clip-padding text-sm 
font-medium 
whitespace-nowrap 
transition-all 
outline-none select-none 
focus-visible:border-ring
 focus-visible:ring-3 foc
us-visible:ring-ring/50 
active:translate-y-px dis
abled:pointer-events-none
 disabled:opacity-50 aria
-invalid:border-destructi
ve aria-invalid:ring-3 ar
ia-invalid:ring-destructi
ve/20 dark:aria-invalid:b
order-destructive/50 dark
:aria-invalid:ring-destru
ctive/40 [&_svg]:pointer-
events-none 
[&_svg]:shrink-0 [&_svg:n
ot([class*='size-'])]:siz
e-4"[39m[33m,[39m[0m
Next.js build worker 
exited with code: 1 and 
signal: null
